Performing C SOURCE FILE Test CMAKE_HAVE_LIBC_PTHREAD failed with the following output:
Change Dir: /home/cglesgards/Téléchargements/psmoveapi-4.0.10/build/CMakeFiles/CMakeTmp

Run Build Command(s):/usr/bin/make cmTC_7aba0/fast && /usr/bin/make -f CMakeFiles/cmTC_7aba0.dir/build.make CMakeFiles/cmTC_7aba0.dir/build
make[1] : on entre dans le répertoire « /home/cglesgards/Téléchargements/psmoveapi-4.0.10/build/CMakeFiles/CMakeTmp »
Building C object CMakeFiles/cmTC_7aba0.dir/src.c.o
/usr/bin/cc   -DCMAKE_HAVE_LIBC_PTHREAD   -o CMakeFiles/cmTC_7aba0.dir/src.c.o   -c /home/cglesgards/Téléchargements/psmoveapi-4.0.10/build/CMakeFiles/CMakeTmp/src.c
Linking C executable cmTC_7aba0
/usr/bin/cmake -E cmake_link_script CMakeFiles/cmTC_7aba0.dir/link.txt --verbose=1
/usr/bin/cc  -DCMAKE_HAVE_LIBC_PTHREAD    -rdynamic CMakeFiles/cmTC_7aba0.dir/src.c.o  -o cmTC_7aba0 
/usr/bin/ld : CMakeFiles/cmTC_7aba0.dir/src.c.o : dans la fonction « main » :
src.c:(.text+0x46) : référence indéfinie vers « pthread_create »
/usr/bin/ld : src.c:(.text+0x52) : référence indéfinie vers « pthread_detach »
/usr/bin/ld : src.c:(.text+0x63) : référence indéfinie vers « pthread_join »
collect2: error: ld returned 1 exit status
make[1]: *** [CMakeFiles/cmTC_7aba0.dir/build.make:87: cmTC_7aba0] Error 1
make[1] : on quitte le répertoire « /home/cglesgards/Téléchargements/psmoveapi-4.0.10/build/CMakeFiles/CMakeTmp »
make: *** [Makefile:121: cmTC_7aba0/fast] Error 2


Source file was:
#include <pthread.h>

void* test_func(void* data)
{
  return data;
}

int main(void)
{
  pthread_t thread;
  pthread_create(&thread, NULL, test_func, NULL);
  pthread_detach(thread);
  pthread_join(thread, NULL);
  pthread_atfork(NULL, NULL, NULL);
  pthread_exit(NULL);

  return 0;
}

Determining if the function pthread_create exists in the pthreads failed with the following output:
Change Dir: /home/cglesgards/Téléchargements/psmoveapi-4.0.10/build/CMakeFiles/CMakeTmp

Run Build Command(s):/usr/bin/make cmTC_33ecf/fast && /usr/bin/make -f CMakeFiles/cmTC_33ecf.dir/build.make CMakeFiles/cmTC_33ecf.dir/build
make[1] : on entre dans le répertoire « /home/cglesgards/Téléchargements/psmoveapi-4.0.10/build/CMakeFiles/CMakeTmp »
Building C object CMakeFiles/cmTC_33ecf.dir/CheckFunctionExists.c.o
/usr/bin/cc   -DCHECK_FUNCTION_EXISTS=pthread_create   -o CMakeFiles/cmTC_33ecf.dir/CheckFunctionExists.c.o   -c /usr/share/cmake-3.16/Modules/CheckFunctionExists.c
Linking C executable cmTC_33ecf
/usr/bin/cmake -E cmake_link_script CMakeFiles/cmTC_33ecf.dir/link.txt --verbose=1
/usr/bin/cc  -DCHECK_FUNCTION_EXISTS=pthread_create    -rdynamic CMakeFiles/cmTC_33ecf.dir/CheckFunctionExists.c.o  -o cmTC_33ecf  -lpthreads 
/usr/bin/ld : ne peut trouver -lpthreads
collect2: error: ld returned 1 exit status
make[1]: *** [CMakeFiles/cmTC_33ecf.dir/build.make:87: cmTC_33ecf] Error 1
make[1] : on quitte le répertoire « /home/cglesgards/Téléchargements/psmoveapi-4.0.10/build/CMakeFiles/CMakeTmp »
make: *** [Makefile:121: cmTC_33ecf/fast] Error 2



