Performing C SOURCE FILE Test CMAKE_HAVE_LIBC_PTHREAD failed with the following output:
Change Dir: /home/cglesgards/spat/src/build/CMakeFiles/CMakeTmp

Run Build Command(s):/usr/bin/make cmTC_4c755/fast && /usr/bin/make -f CMakeFiles/cmTC_4c755.dir/build.make CMakeFiles/cmTC_4c755.dir/build
make[1] : on entre dans le répertoire « /home/cglesgards/spat/src/build/CMakeFiles/CMakeTmp »
Building C object CMakeFiles/cmTC_4c755.dir/src.c.o
/usr/bin/cc   -DCMAKE_HAVE_LIBC_PTHREAD   -o CMakeFiles/cmTC_4c755.dir/src.c.o   -c /home/cglesgards/spat/src/build/CMakeFiles/CMakeTmp/src.c
Linking C executable cmTC_4c755
/usr/bin/cmake -E cmake_link_script CMakeFiles/cmTC_4c755.dir/link.txt --verbose=1
/usr/bin/cc  -DCMAKE_HAVE_LIBC_PTHREAD    -rdynamic CMakeFiles/cmTC_4c755.dir/src.c.o  -o cmTC_4c755 
/usr/bin/ld : CMakeFiles/cmTC_4c755.dir/src.c.o : dans la fonction « main » :
src.c:(.text+0x46) : référence indéfinie vers « pthread_create »
/usr/bin/ld : src.c:(.text+0x52) : référence indéfinie vers « pthread_detach »
/usr/bin/ld : src.c:(.text+0x63) : référence indéfinie vers « pthread_join »
collect2: error: ld returned 1 exit status
make[1]: *** [CMakeFiles/cmTC_4c755.dir/build.make:87: cmTC_4c755] Error 1
make[1] : on quitte le répertoire « /home/cglesgards/spat/src/build/CMakeFiles/CMakeTmp »
make: *** [Makefile:121: cmTC_4c755/fast] Error 2


Source file was:
#include <pthread.h>

void* test_func(void* data)
{
  return data;
}

int main(void)
{
  pthread_t thread;
  pthread_create(&thread, NULL, test_func, NULL);
  pthread_detach(thread);
  pthread_join(thread, NULL);
  pthread_atfork(NULL, NULL, NULL);
  pthread_exit(NULL);

  return 0;
}

Determining if the function pthread_create exists in the pthreads failed with the following output:
Change Dir: /home/cglesgards/spat/src/build/CMakeFiles/CMakeTmp

Run Build Command(s):/usr/bin/make cmTC_538ba/fast && /usr/bin/make -f CMakeFiles/cmTC_538ba.dir/build.make CMakeFiles/cmTC_538ba.dir/build
make[1] : on entre dans le répertoire « /home/cglesgards/spat/src/build/CMakeFiles/CMakeTmp »
Building C object CMakeFiles/cmTC_538ba.dir/CheckFunctionExists.c.o
/usr/bin/cc   -DCHECK_FUNCTION_EXISTS=pthread_create   -o CMakeFiles/cmTC_538ba.dir/CheckFunctionExists.c.o   -c /usr/share/cmake-3.16/Modules/CheckFunctionExists.c
Linking C executable cmTC_538ba
/usr/bin/cmake -E cmake_link_script CMakeFiles/cmTC_538ba.dir/link.txt --verbose=1
/usr/bin/cc  -DCHECK_FUNCTION_EXISTS=pthread_create    -rdynamic CMakeFiles/cmTC_538ba.dir/CheckFunctionExists.c.o  -o cmTC_538ba  -lpthreads 
/usr/bin/ld : ne peut trouver -lpthreads
collect2: error: ld returned 1 exit status
make[1]: *** [CMakeFiles/cmTC_538ba.dir/build.make:87: cmTC_538ba] Error 1
make[1] : on quitte le répertoire « /home/cglesgards/spat/src/build/CMakeFiles/CMakeTmp »
make: *** [Makefile:121: cmTC_538ba/fast] Error 2



Performing C SOURCE FILE Test CMAKE_HAVE_LIBC_PTHREAD failed with the following output:
Change Dir: /home/cglesgards/diff/build/CMakeFiles/CMakeTmp

Run Build Command(s):/usr/bin/make cmTC_aae86/fast && /usr/bin/make -f CMakeFiles/cmTC_aae86.dir/build.make CMakeFiles/cmTC_aae86.dir/build
make[1] : on entre dans le répertoire « /home/cglesgards/diff/build/CMakeFiles/CMakeTmp »
Building C object CMakeFiles/cmTC_aae86.dir/src.c.o
/usr/bin/cc   -DCMAKE_HAVE_LIBC_PTHREAD   -o CMakeFiles/cmTC_aae86.dir/src.c.o   -c /home/cglesgards/diff/build/CMakeFiles/CMakeTmp/src.c
Linking C executable cmTC_aae86
/usr/bin/cmake -E cmake_link_script CMakeFiles/cmTC_aae86.dir/link.txt --verbose=1
/usr/bin/cc  -DCMAKE_HAVE_LIBC_PTHREAD    -rdynamic CMakeFiles/cmTC_aae86.dir/src.c.o  -o cmTC_aae86 
/usr/bin/ld : CMakeFiles/cmTC_aae86.dir/src.c.o : dans la fonction « main » :
src.c:(.text+0x46) : référence indéfinie vers « pthread_create »
/usr/bin/ld : src.c:(.text+0x52) : référence indéfinie vers « pthread_detach »
/usr/bin/ld : src.c:(.text+0x63) : référence indéfinie vers « pthread_join »
collect2: error: ld returned 1 exit status
make[1]: *** [CMakeFiles/cmTC_aae86.dir/build.make:87: cmTC_aae86] Error 1
make[1] : on quitte le répertoire « /home/cglesgards/diff/build/CMakeFiles/CMakeTmp »
make: *** [Makefile:121: cmTC_aae86/fast] Error 2


Source file was:
#include <pthread.h>

void* test_func(void* data)
{
  return data;
}

int main(void)
{
  pthread_t thread;
  pthread_create(&thread, NULL, test_func, NULL);
  pthread_detach(thread);
  pthread_join(thread, NULL);
  pthread_atfork(NULL, NULL, NULL);
  pthread_exit(NULL);

  return 0;
}

Determining if the function pthread_create exists in the pthreads failed with the following output:
Change Dir: /home/cglesgards/diff/build/CMakeFiles/CMakeTmp

Run Build Command(s):/usr/bin/make cmTC_317c6/fast && /usr/bin/make -f CMakeFiles/cmTC_317c6.dir/build.make CMakeFiles/cmTC_317c6.dir/build
make[1] : on entre dans le répertoire « /home/cglesgards/diff/build/CMakeFiles/CMakeTmp »
Building C object CMakeFiles/cmTC_317c6.dir/CheckFunctionExists.c.o
/usr/bin/cc   -DCHECK_FUNCTION_EXISTS=pthread_create   -o CMakeFiles/cmTC_317c6.dir/CheckFunctionExists.c.o   -c /usr/share/cmake-3.16/Modules/CheckFunctionExists.c
Linking C executable cmTC_317c6
/usr/bin/cmake -E cmake_link_script CMakeFiles/cmTC_317c6.dir/link.txt --verbose=1
/usr/bin/cc  -DCHECK_FUNCTION_EXISTS=pthread_create    -rdynamic CMakeFiles/cmTC_317c6.dir/CheckFunctionExists.c.o  -o cmTC_317c6  -lpthreads 
/usr/bin/ld : ne peut trouver -lpthreads
collect2: error: ld returned 1 exit status
make[1]: *** [CMakeFiles/cmTC_317c6.dir/build.make:87: cmTC_317c6] Error 1
make[1] : on quitte le répertoire « /home/cglesgards/diff/build/CMakeFiles/CMakeTmp »
make: *** [Makefile:121: cmTC_317c6/fast] Error 2



